<?xml version="1.0" encoding="UTF-8"?>
<!-- Generated by org.testng.reporters.JUnitReportReporter -->
<testsuite hostname="RELIANCEHMOs-MacBook-Pro.local" failures="0" tests="5" name="DashBoard" time="32.771" errors="0" timestamp="24 Sep 2021 09:25:51 GMT" skipped="0">
  <testcase classname="DashBoard" name="LandingPageTest" time="9.772"/>
  <testcase classname="DashBoard" name="VerifyAllLinks" time="14.598"/>
  <testcase classname="DashBoard" name="MenuTest" time="6.644"/>
  <testcase classname="DashBoard" name="EnrolleeTest" time="1.756"/>
  <testcase classname="DashBoard" name="AddFamilyMembersTest" time="0.001"/>
</testsuite> <!-- DashBoard -->
