<?xml version="1.0" encoding="UTF-8"?>
<!-- Generated by org.testng.reporters.JUnitReportReporter -->
<testsuite hostname="RELIANCEHMOs-MacBook-Pro.local" failures="0" tests="4" name="MyHospitalTest" time="41.794" errors="0" timestamp="24 Sep 2021 09:25:51 GMT" skipped="0">
  <testcase classname="MyHospitalTest" name="LandingPageTest" time="12.172"/>
  <testcase classname="MyHospitalTest" name="VerifyAllLinks" time="19.398"/>
  <testcase classname="MyHospitalTest" name="SearchHospitalPositiveTest" time="5.973"/>
  <testcase classname="MyHospitalTest" name="SearchHospitalNegativeTest" time="4.251"/>
</testsuite> <!-- MyHospitalTest -->
